\BOOKMARK [0][-]{chapter.1}{\376\377\000C\000l\000a\000s\000s\000\040\000I\000n\000d\000e\000x}{}% 1
\BOOKMARK [1][-]{section.1.1}{\376\377\000C\000l\000a\000s\000s\000\040\000L\000i\000s\000t}{chapter.1}% 2
\BOOKMARK [0][-]{chapter.2}{\376\377\000F\000i\000l\000e\000\040\000I\000n\000d\000e\000x}{}% 3
\BOOKMARK [1][-]{section.2.1}{\376\377\000F\000i\000l\000e\000\040\000L\000i\000s\000t}{chapter.2}% 4
\BOOKMARK [0][-]{chapter.3}{\376\377\000C\000l\000a\000s\000s\000\040\000D\000o\000c\000u\000m\000e\000n\000t\000a\000t\000i\000o\000n}{}% 5
\BOOKMARK [1][-]{section.3.1}{\376\377\000A\000r\000r\000a\000y\000L\000i\000s\000t\000<\000\040\000T\000\040\000>\000\040\000C\000l\000a\000s\000s\000\040\000T\000e\000m\000p\000l\000a\000t\000e\000\040\000R\000e\000f\000e\000r\000e\000n\000c\000e}{chapter.3}% 6
\BOOKMARK [2][-]{subsection.3.1.1}{\376\377\000D\000e\000t\000a\000i\000l\000e\000d\000\040\000D\000e\000s\000c\000r\000i\000p\000t\000i\000o\000n}{section.3.1}% 7
\BOOKMARK [2][-]{subsection.3.1.2}{\376\377\000C\000o\000n\000s\000t\000r\000u\000c\000t\000o\000r\000\040\000\046\000\040\000D\000e\000s\000t\000r\000u\000c\000t\000o\000r\000\040\000D\000o\000c\000u\000m\000e\000n\000t\000a\000t\000i\000o\000n}{section.3.1}% 8
\BOOKMARK [3][-]{subsubsection.3.1.2.1}{\376\377\000A\000r\000r\000a\000y\000L\000i\000s\000t}{subsection.3.1.2}% 9
\BOOKMARK [3][-]{subsubsection.3.1.2.2}{\376\377\000A\000r\000r\000a\000y\000L\000i\000s\000t}{subsection.3.1.2}% 10
\BOOKMARK [3][-]{subsubsection.3.1.2.3}{\376\377\000A\000r\000r\000a\000y\000L\000i\000s\000t}{subsection.3.1.2}% 11
\BOOKMARK [2][-]{subsection.3.1.3}{\376\377\000M\000e\000m\000b\000e\000r\000\040\000F\000u\000n\000c\000t\000i\000o\000n\000\040\000D\000o\000c\000u\000m\000e\000n\000t\000a\000t\000i\000o\000n}{section.3.1}% 12
\BOOKMARK [3][-]{subsubsection.3.1.3.1}{\376\377\000a\000d\000d}{subsection.3.1.3}% 13
\BOOKMARK [3][-]{subsubsection.3.1.3.2}{\376\377\000a\000d\000d}{subsection.3.1.3}% 14
\BOOKMARK [3][-]{subsubsection.3.1.3.3}{\376\377\000c\000l\000e\000a\000r}{subsection.3.1.3}% 15
\BOOKMARK [3][-]{subsubsection.3.1.3.4}{\376\377\000c\000o\000n\000t\000a\000i\000n\000s}{subsection.3.1.3}% 16
\BOOKMARK [3][-]{subsubsection.3.1.3.5}{\376\377\000g\000e\000t}{subsection.3.1.3}% 17
\BOOKMARK [3][-]{subsubsection.3.1.3.6}{\376\377\000i\000s\000E\000m\000p\000t\000y}{subsection.3.1.3}% 18
\BOOKMARK [3][-]{subsubsection.3.1.3.7}{\376\377\000i\000t\000e\000r\000a\000t\000o\000r}{subsection.3.1.3}% 19
\BOOKMARK [3][-]{subsubsection.3.1.3.8}{\376\377\000o\000p\000e\000r\000a\000t\000o\000r\000=}{subsection.3.1.3}% 20
\BOOKMARK [3][-]{subsubsection.3.1.3.9}{\376\377\000r\000e\000m\000o\000v\000e}{subsection.3.1.3}% 21
\BOOKMARK [3][-]{subsubsection.3.1.3.10}{\376\377\000r\000e\000m\000o\000v\000e}{subsection.3.1.3}% 22
\BOOKMARK [3][-]{subsubsection.3.1.3.11}{\376\377\000s\000e\000t}{subsection.3.1.3}% 23
\BOOKMARK [3][-]{subsubsection.3.1.3.12}{\376\377\000s\000i\000z\000e}{subsection.3.1.3}% 24
\BOOKMARK [1][-]{section.3.2}{\376\377\000E\000l\000e\000m\000e\000n\000t\000N\000o\000t\000E\000x\000i\000s\000t\000\040\000C\000l\000a\000s\000s\000\040\000R\000e\000f\000e\000r\000e\000n\000c\000e}{chapter.3}% 25
\BOOKMARK [1][-]{section.3.3}{\376\377\000H\000a\000s\000h\000M\000a\000p\000<\000\040\000K\000,\000\040\000V\000,\000\040\000H\000\040\000>\000:\000:\000E\000n\000t\000r\000y\000\040\000C\000l\000a\000s\000s\000\040\000R\000e\000f\000e\000r\000e\000n\000c\000e}{chapter.3}% 26
\BOOKMARK [1][-]{section.3.4}{\376\377\000T\000r\000e\000e\000M\000a\000p\000<\000\040\000K\000,\000\040\000V\000\040\000>\000:\000:\000E\000n\000t\000r\000y\000\040\000C\000l\000a\000s\000s\000\040\000R\000e\000f\000e\000r\000e\000n\000c\000e}{chapter.3}% 27
\BOOKMARK [1][-]{section.3.5}{\376\377\000H\000a\000s\000h\000M\000a\000p\000<\000\040\000K\000,\000\040\000V\000,\000\040\000H\000\040\000>\000\040\000C\000l\000a\000s\000s\000\040\000T\000e\000m\000p\000l\000a\000t\000e\000\040\000R\000e\000f\000e\000r\000e\000n\000c\000e}{chapter.3}% 28
\BOOKMARK [2][-]{subsection.3.5.1}{\376\377\000D\000e\000t\000a\000i\000l\000e\000d\000\040\000D\000e\000s\000c\000r\000i\000p\000t\000i\000o\000n}{section.3.5}% 29
\BOOKMARK [2][-]{subsection.3.5.2}{\376\377\000C\000o\000n\000s\000t\000r\000u\000c\000t\000o\000r\000\040\000\046\000\040\000D\000e\000s\000t\000r\000u\000c\000t\000o\000r\000\040\000D\000o\000c\000u\000m\000e\000n\000t\000a\000t\000i\000o\000n}{section.3.5}% 30
\BOOKMARK [3][-]{subsubsection.3.5.2.1}{\376\377\000H\000a\000s\000h\000M\000a\000p}{subsection.3.5.2}% 31
\BOOKMARK [3][-]{subsubsection.3.5.2.2}{\376\377\000H\000a\000s\000h\000M\000a\000p}{subsection.3.5.2}% 32
\BOOKMARK [3][-]{subsubsection.3.5.2.3}{\376\377\000H\000a\000s\000h\000M\000a\000p}{subsection.3.5.2}% 33
\BOOKMARK [2][-]{subsection.3.5.3}{\376\377\000M\000e\000m\000b\000e\000r\000\040\000F\000u\000n\000c\000t\000i\000o\000n\000\040\000D\000o\000c\000u\000m\000e\000n\000t\000a\000t\000i\000o\000n}{section.3.5}% 34
\BOOKMARK [3][-]{subsubsection.3.5.3.1}{\376\377\000c\000l\000e\000a\000r}{subsection.3.5.3}% 35
\BOOKMARK [3][-]{subsubsection.3.5.3.2}{\376\377\000c\000o\000n\000t\000a\000i\000n\000s\000K\000e\000y}{subsection.3.5.3}% 36
\BOOKMARK [3][-]{subsubsection.3.5.3.3}{\376\377\000c\000o\000n\000t\000a\000i\000n\000s\000V\000a\000l\000u\000e}{subsection.3.5.3}% 37
\BOOKMARK [3][-]{subsubsection.3.5.3.4}{\376\377\000g\000e\000t}{subsection.3.5.3}% 38
\BOOKMARK [3][-]{subsubsection.3.5.3.5}{\376\377\000i\000s\000E\000m\000p\000t\000y}{subsection.3.5.3}% 39
\BOOKMARK [3][-]{subsubsection.3.5.3.6}{\376\377\000i\000t\000e\000r\000a\000t\000o\000r}{subsection.3.5.3}% 40
\BOOKMARK [3][-]{subsubsection.3.5.3.7}{\376\377\000o\000p\000e\000r\000a\000t\000o\000r\000=}{subsection.3.5.3}% 41
\BOOKMARK [3][-]{subsubsection.3.5.3.8}{\376\377\000p\000u\000t}{subsection.3.5.3}% 42
\BOOKMARK [3][-]{subsubsection.3.5.3.9}{\376\377\000r\000e\000m\000o\000v\000e}{subsection.3.5.3}% 43
\BOOKMARK [3][-]{subsubsection.3.5.3.10}{\376\377\000s\000i\000z\000e}{subsection.3.5.3}% 44
\BOOKMARK [1][-]{section.3.6}{\376\377\000I\000n\000d\000e\000x\000O\000u\000t\000O\000f\000B\000o\000u\000n\000d\000\040\000C\000l\000a\000s\000s\000\040\000R\000e\000f\000e\000r\000e\000n\000c\000e}{chapter.3}% 45
\BOOKMARK [1][-]{section.3.7}{\376\377\000T\000r\000e\000e\000M\000a\000p\000<\000\040\000K\000,\000\040\000V\000\040\000>\000:\000:\000I\000t\000e\000r\000a\000t\000o\000r\000\040\000C\000l\000a\000s\000s\000\040\000R\000e\000f\000e\000r\000e\000n\000c\000e}{chapter.3}% 46
\BOOKMARK [2][-]{subsection.3.7.1}{\376\377\000M\000e\000m\000b\000e\000r\000\040\000F\000u\000n\000c\000t\000i\000o\000n\000\040\000D\000o\000c\000u\000m\000e\000n\000t\000a\000t\000i\000o\000n}{section.3.7}% 47
\BOOKMARK [3][-]{subsubsection.3.7.1.1}{\376\377\000h\000a\000s\000N\000e\000x\000t}{subsection.3.7.1}% 48
\BOOKMARK [3][-]{subsubsection.3.7.1.2}{\376\377\000n\000e\000x\000t}{subsection.3.7.1}% 49
\BOOKMARK [1][-]{section.3.8}{\376\377\000L\000i\000n\000k\000e\000d\000L\000i\000s\000t\000<\000\040\000T\000\040\000>\000:\000:\000I\000t\000e\000r\000a\000t\000o\000r\000\040\000C\000l\000a\000s\000s\000\040\000R\000e\000f\000e\000r\000e\000n\000c\000e}{chapter.3}% 50
\BOOKMARK [2][-]{subsection.3.8.1}{\376\377\000M\000e\000m\000b\000e\000r\000\040\000F\000u\000n\000c\000t\000i\000o\000n\000\040\000D\000o\000c\000u\000m\000e\000n\000t\000a\000t\000i\000o\000n}{section.3.8}% 51
\BOOKMARK [3][-]{subsubsection.3.8.1.1}{\376\377\000h\000a\000s\000N\000e\000x\000t}{subsection.3.8.1}% 52
\BOOKMARK [3][-]{subsubsection.3.8.1.2}{\376\377\000n\000e\000x\000t}{subsection.3.8.1}% 53
\BOOKMARK [3][-]{subsubsection.3.8.1.3}{\376\377\000r\000e\000m\000o\000v\000e}{subsection.3.8.1}% 54
\BOOKMARK [1][-]{section.3.9}{\376\377\000A\000r\000r\000a\000y\000L\000i\000s\000t\000<\000\040\000T\000\040\000>\000:\000:\000I\000t\000e\000r\000a\000t\000o\000r\000\040\000C\000l\000a\000s\000s\000\040\000R\000e\000f\000e\000r\000e\000n\000c\000e}{chapter.3}% 55
\BOOKMARK [2][-]{subsection.3.9.1}{\376\377\000M\000e\000m\000b\000e\000r\000\040\000F\000u\000n\000c\000t\000i\000o\000n\000\040\000D\000o\000c\000u\000m\000e\000n\000t\000a\000t\000i\000o\000n}{section.3.9}% 56
\BOOKMARK [3][-]{subsubsection.3.9.1.1}{\376\377\000h\000a\000s\000N\000e\000x\000t}{subsection.3.9.1}% 57
\BOOKMARK [3][-]{subsubsection.3.9.1.2}{\376\377\000n\000e\000x\000t}{subsection.3.9.1}% 58
\BOOKMARK [3][-]{subsubsection.3.9.1.3}{\376\377\000r\000e\000m\000o\000v\000e}{subsection.3.9.1}% 59
\BOOKMARK [1][-]{section.3.10}{\376\377\000H\000a\000s\000h\000M\000a\000p\000<\000\040\000K\000,\000\040\000V\000,\000\040\000H\000\040\000>\000:\000:\000I\000t\000e\000r\000a\000t\000o\000r\000\040\000C\000l\000a\000s\000s\000\040\000R\000e\000f\000e\000r\000e\000n\000c\000e}{chapter.3}% 60
\BOOKMARK [2][-]{subsection.3.10.1}{\376\377\000M\000e\000m\000b\000e\000r\000\040\000F\000u\000n\000c\000t\000i\000o\000n\000\040\000D\000o\000c\000u\000m\000e\000n\000t\000a\000t\000i\000o\000n}{section.3.10}% 61
\BOOKMARK [3][-]{subsubsection.3.10.1.1}{\376\377\000h\000a\000s\000N\000e\000x\000t}{subsection.3.10.1}% 62
\BOOKMARK [3][-]{subsubsection.3.10.1.2}{\376\377\000n\000e\000x\000t}{subsection.3.10.1}% 63
\BOOKMARK [1][-]{section.3.11}{\376\377\000L\000i\000n\000k\000e\000d\000L\000i\000s\000t\000<\000\040\000T\000\040\000>\000\040\000C\000l\000a\000s\000s\000\040\000T\000e\000m\000p\000l\000a\000t\000e\000\040\000R\000e\000f\000e\000r\000e\000n\000c\000e}{chapter.3}% 64
\BOOKMARK [2][-]{subsection.3.11.1}{\376\377\000D\000e\000t\000a\000i\000l\000e\000d\000\040\000D\000e\000s\000c\000r\000i\000p\000t\000i\000o\000n}{section.3.11}% 65
\BOOKMARK [2][-]{subsection.3.11.2}{\376\377\000C\000o\000n\000s\000t\000r\000u\000c\000t\000o\000r\000\040\000\046\000\040\000D\000e\000s\000t\000r\000u\000c\000t\000o\000r\000\040\000D\000o\000c\000u\000m\000e\000n\000t\000a\000t\000i\000o\000n}{section.3.11}% 66
\BOOKMARK [3][-]{subsubsection.3.11.2.1}{\376\377\000L\000i\000n\000k\000e\000d\000L\000i\000s\000t}{subsection.3.11.2}% 67
\BOOKMARK [3][-]{subsubsection.3.11.2.2}{\376\377\000L\000i\000n\000k\000e\000d\000L\000i\000s\000t}{subsection.3.11.2}% 68
\BOOKMARK [3][-]{subsubsection.3.11.2.3}{\376\377\000L\000i\000n\000k\000e\000d\000L\000i\000s\000t}{subsection.3.11.2}% 69
\BOOKMARK [2][-]{subsection.3.11.3}{\376\377\000M\000e\000m\000b\000e\000r\000\040\000F\000u\000n\000c\000t\000i\000o\000n\000\040\000D\000o\000c\000u\000m\000e\000n\000t\000a\000t\000i\000o\000n}{section.3.11}% 70
\BOOKMARK [3][-]{subsubsection.3.11.3.1}{\376\377\000a\000d\000d}{subsection.3.11.3}% 71
\BOOKMARK [3][-]{subsubsection.3.11.3.2}{\376\377\000a\000d\000d}{subsection.3.11.3}% 72
\BOOKMARK [3][-]{subsubsection.3.11.3.3}{\376\377\000a\000d\000d\000F\000i\000r\000s\000t}{subsection.3.11.3}% 73
\BOOKMARK [3][-]{subsubsection.3.11.3.4}{\376\377\000a\000d\000d\000L\000a\000s\000t}{subsection.3.11.3}% 74
\BOOKMARK [3][-]{subsubsection.3.11.3.5}{\376\377\000c\000l\000e\000a\000r}{subsection.3.11.3}% 75
\BOOKMARK [3][-]{subsubsection.3.11.3.6}{\376\377\000c\000o\000n\000t\000a\000i\000n\000s}{subsection.3.11.3}% 76
\BOOKMARK [3][-]{subsubsection.3.11.3.7}{\376\377\000g\000e\000t}{subsection.3.11.3}% 77
\BOOKMARK [3][-]{subsubsection.3.11.3.8}{\376\377\000g\000e\000t\000F\000i\000r\000s\000t}{subsection.3.11.3}% 78
\BOOKMARK [3][-]{subsubsection.3.11.3.9}{\376\377\000g\000e\000t\000L\000a\000s\000t}{subsection.3.11.3}% 79
\BOOKMARK [3][-]{subsubsection.3.11.3.10}{\376\377\000i\000s\000E\000m\000p\000t\000y}{subsection.3.11.3}% 80
\BOOKMARK [3][-]{subsubsection.3.11.3.11}{\376\377\000i\000t\000e\000r\000a\000t\000o\000r}{subsection.3.11.3}% 81
\BOOKMARK [3][-]{subsubsection.3.11.3.12}{\376\377\000o\000p\000e\000r\000a\000t\000o\000r\000=}{subsection.3.11.3}% 82
\BOOKMARK [3][-]{subsubsection.3.11.3.13}{\376\377\000r\000e\000m\000o\000v\000e}{subsection.3.11.3}% 83
\BOOKMARK [3][-]{subsubsection.3.11.3.14}{\376\377\000r\000e\000m\000o\000v\000e}{subsection.3.11.3}% 84
\BOOKMARK [3][-]{subsubsection.3.11.3.15}{\376\377\000r\000e\000m\000o\000v\000e\000F\000i\000r\000s\000t}{subsection.3.11.3}% 85
\BOOKMARK [3][-]{subsubsection.3.11.3.16}{\376\377\000r\000e\000m\000o\000v\000e\000L\000a\000s\000t}{subsection.3.11.3}% 86
\BOOKMARK [3][-]{subsubsection.3.11.3.17}{\376\377\000s\000e\000t}{subsection.3.11.3}% 87
\BOOKMARK [3][-]{subsubsection.3.11.3.18}{\376\377\000s\000i\000z\000e}{subsection.3.11.3}% 88
\BOOKMARK [1][-]{section.3.12}{\376\377\000T\000r\000e\000e\000M\000a\000p\000<\000\040\000K\000,\000\040\000V\000\040\000>\000\040\000C\000l\000a\000s\000s\000\040\000T\000e\000m\000p\000l\000a\000t\000e\000\040\000R\000e\000f\000e\000r\000e\000n\000c\000e}{chapter.3}% 89
\BOOKMARK [2][-]{subsection.3.12.1}{\376\377\000D\000e\000t\000a\000i\000l\000e\000d\000\040\000D\000e\000s\000c\000r\000i\000p\000t\000i\000o\000n}{section.3.12}% 90
\BOOKMARK [2][-]{subsection.3.12.2}{\376\377\000C\000o\000n\000s\000t\000r\000u\000c\000t\000o\000r\000\040\000\046\000\040\000D\000e\000s\000t\000r\000u\000c\000t\000o\000r\000\040\000D\000o\000c\000u\000m\000e\000n\000t\000a\000t\000i\000o\000n}{section.3.12}% 91
\BOOKMARK [3][-]{subsubsection.3.12.2.1}{\376\377\000T\000r\000e\000e\000M\000a\000p}{subsection.3.12.2}% 92
\BOOKMARK [3][-]{subsubsection.3.12.2.2}{\376\377\000T\000r\000e\000e\000M\000a\000p}{subsection.3.12.2}% 93
\BOOKMARK [3][-]{subsubsection.3.12.2.3}{\376\377\000T\000r\000e\000e\000M\000a\000p}{subsection.3.12.2}% 94
\BOOKMARK [2][-]{subsection.3.12.3}{\376\377\000M\000e\000m\000b\000e\000r\000\040\000F\000u\000n\000c\000t\000i\000o\000n\000\040\000D\000o\000c\000u\000m\000e\000n\000t\000a\000t\000i\000o\000n}{section.3.12}% 95
\BOOKMARK [3][-]{subsubsection.3.12.3.1}{\376\377\000c\000l\000e\000a\000r}{subsection.3.12.3}% 96
\BOOKMARK [3][-]{subsubsection.3.12.3.2}{\376\377\000c\000o\000n\000t\000a\000i\000n\000s\000K\000e\000y}{subsection.3.12.3}% 97
\BOOKMARK [3][-]{subsubsection.3.12.3.3}{\376\377\000c\000o\000n\000t\000a\000i\000n\000s\000V\000a\000l\000u\000e}{subsection.3.12.3}% 98
\BOOKMARK [3][-]{subsubsection.3.12.3.4}{\376\377\000g\000e\000t}{subsection.3.12.3}% 99
\BOOKMARK [3][-]{subsubsection.3.12.3.5}{\376\377\000i\000s\000E\000m\000p\000t\000y}{subsection.3.12.3}% 100
\BOOKMARK [3][-]{subsubsection.3.12.3.6}{\376\377\000i\000t\000e\000r\000a\000t\000o\000r}{subsection.3.12.3}% 101
\BOOKMARK [3][-]{subsubsection.3.12.3.7}{\376\377\000o\000p\000e\000r\000a\000t\000o\000r\000=}{subsection.3.12.3}% 102
\BOOKMARK [3][-]{subsubsection.3.12.3.8}{\376\377\000p\000u\000t}{subsection.3.12.3}% 103
\BOOKMARK [3][-]{subsubsection.3.12.3.9}{\376\377\000r\000e\000m\000o\000v\000e}{subsection.3.12.3}% 104
\BOOKMARK [3][-]{subsubsection.3.12.3.10}{\376\377\000s\000i\000z\000e}{subsection.3.12.3}% 105
\BOOKMARK [0][-]{chapter.4}{\376\377\000F\000i\000l\000e\000\040\000D\000o\000c\000u\000m\000e\000n\000t\000a\000t\000i\000o\000n}{}% 106
\BOOKMARK [1][-]{section.4.1}{\376\377\000A\000r\000r\000a\000y\000L\000i\000s\000t\000.\000h\000\040\000F\000i\000l\000e\000\040\000R\000e\000f\000e\000r\000e\000n\000c\000e}{chapter.4}% 107
\BOOKMARK [1][-]{section.4.2}{\376\377\000E\000l\000e\000m\000e\000n\000t\000N\000o\000t\000E\000x\000i\000s\000t\000.\000h\000\040\000F\000i\000l\000e\000\040\000R\000e\000f\000e\000r\000e\000n\000c\000e}{chapter.4}% 108
\BOOKMARK [2][-]{subsection.4.2.1}{\376\377\000D\000e\000t\000a\000i\000l\000e\000d\000\040\000D\000e\000s\000c\000r\000i\000p\000t\000i\000o\000n}{section.4.2}% 109
\BOOKMARK [1][-]{section.4.3}{\376\377\000H\000a\000s\000h\000M\000a\000p\000.\000h\000\040\000F\000i\000l\000e\000\040\000R\000e\000f\000e\000r\000e\000n\000c\000e}{chapter.4}% 110
\BOOKMARK [1][-]{section.4.4}{\376\377\000I\000n\000d\000e\000x\000O\000u\000t\000O\000f\000B\000o\000u\000n\000d\000.\000h\000\040\000F\000i\000l\000e\000\040\000R\000e\000f\000e\000r\000e\000n\000c\000e}{chapter.4}% 111
\BOOKMARK [2][-]{subsection.4.4.1}{\376\377\000D\000e\000t\000a\000i\000l\000e\000d\000\040\000D\000e\000s\000c\000r\000i\000p\000t\000i\000o\000n}{section.4.4}% 112
\BOOKMARK [1][-]{section.4.5}{\376\377\000L\000i\000n\000k\000e\000d\000L\000i\000s\000t\000.\000h\000\040\000F\000i\000l\000e\000\040\000R\000e\000f\000e\000r\000e\000n\000c\000e}{chapter.4}% 113
\BOOKMARK [1][-]{section.4.6}{\376\377\000T\000r\000e\000e\000M\000a\000p\000.\000h\000\040\000F\000i\000l\000e\000\040\000R\000e\000f\000e\000r\000e\000n\000c\000e}{chapter.4}% 114
\BOOKMARK [-1][-]{section*.27}{\376\377\000I\000n\000d\000e\000x}{}% 115
